<?xml version="1.0" encoding="UTF-8"?>
<testsuites name="TestSuite1" time="5" tests="2" failures="0" errors="0">
   <testsuite name="TestSuite1" tests="2" failures="0" errors="0" time="5" timestamp="2019-05-10 18:41:17" hostname="main - DESKTOP-8TRR29R" id="Test Suites/TestSuite1">
      <properties>
         <property name="deviceName" value=""/>
         <property name="devicePlatform" value=""/>
         <property name="logFolder" value="C:\\Users\\main\\Katalon Studio\\Sample REST API Testing\\Reports\\TestSuite1\\20190510_184115"/>
         <property name="logFiles" value="C:\\Users\\main\\Katalon Studio\\Sample REST API Testing\\Reports\\TestSuite1\\20190510_184115\\execution0.log"/>
         <property name="attachments" value=""/>
         <property name="hostName" value="main - DESKTOP-8TRR29R"/>
         <property name="hostAddress" value="192.168.1.47"/>
         <property name="os" value="Windows 10 64bit"/>
         <property name="katalonVersion" value="6.1.2.2"/>
      </properties>
      <testcase name="Test Cases/SampleTestOne" classname="Test Cases/SampleTestOne" status="PASSED">
         <system-out><![CDATA[2019-05-10 18:41:17 - [TEST_CASE][PASSED] - Test Cases/SampleTestOne: Test Cases/SampleTestOne

2019-05-10 18:41:17 - [TEST_STEP][PASSED] - sendRequest(findTestObject("RESTWebServices/ListUsers")): Send request successfully

2019-05-10 18:41:20 - [MESSAGE][INFO] - HAR: C:\Users\main\Katalon Studio\Sample REST API Testing\Reports\TestSuite1\20190510_184115\requests\main\null.har

2019-05-10 18:41:20 - [MESSAGE][PASSED] - Send request successfully

2019-05-10 18:41:20 - [TEST_STEP][PASSED] - sendRequest(findTestObject("RESTWebServices/CreateUser")): Send request successfully

2019-05-10 18:41:21 - [MESSAGE][INFO] - HAR: C:\Users\main\Katalon Studio\Sample REST API Testing\Reports\TestSuite1\20190510_184115\requests\main\null.har

2019-05-10 18:41:21 - [MESSAGE][PASSED] - Send request successfully]]></system-out>
         <system-err><![CDATA[]]></system-err>
      </testcase>
      <testcase name="Test Cases/APIChainingDemo" classname="Test Cases/APIChainingDemo" status="PASSED">
         <system-out><![CDATA[2019-05-10 18:41:21 - [TEST_CASE][PASSED] - Test Cases/APIChainingDemo: Test Cases/APIChainingDemo

2019-05-10 18:41:21 - [TEST_STEP][PASSED] - response1 = sendRequest(findTestObject("RESTWebServices/ListUsers")): Send request successfully

2019-05-10 18:41:21 - [MESSAGE][INFO] - HAR: C:\Users\main\Katalon Studio\Sample REST API Testing\Reports\TestSuite1\20190510_184115\requests\main\null.har

2019-05-10 18:41:21 - [MESSAGE][PASSED] - Send request successfully

2019-05-10 18:41:21 - [TEST_STEP][PASSED] - slurper = new groovy.json.JsonSlurper(): null

2019-05-10 18:41:21 - [TEST_STEP][PASSED] - result = slurper.parseText(response1.getResponseBodyContent()): null

2019-05-10 18:41:21 - [TEST_STEP][PASSED] - value = first_name: null

2019-05-10 18:41:21 - [TEST_STEP][PASSED] - println("... value extracted is: " + value): null

2019-05-10 18:41:21 - [TEST_STEP][PASSED] - userName = value: null

2019-05-10 18:41:22 - [TEST_STEP][PASSED] - println("... Global Variable is: " + userName): null

2019-05-10 18:41:22 - [TEST_STEP][PASSED] - sendRequestAndVerify(findTestObject("RESTWebServices/UpdateUser")): Send request and verify the response successfully

2019-05-10 18:41:22 - [TEST_CASE][PASSED] - Start Test Case : Verification: Verification accomplished successfully

2019-05-10 18:41:22 - [TEST_STEP][PASSED] - request = getInstance().getCurrentRequest(): null

2019-05-10 18:41:22 - [TEST_STEP][PASSED] - response = getInstance().getCurrentResponse(): null

2019-05-10 18:41:22 - [TEST_STEP][PASSED] - verifyElementPropertyValue(response, "name", "Tracey"): Verify element property value successfully

2019-05-10 18:41:22 - [MESSAGE][PASSED] - Verify element property value successfully

2019-05-10 18:41:22 - [MESSAGE][PASSED] - Verify response successfully

2019-05-10 18:41:22 - [MESSAGE][PASSED] - Send request and verify the response successfully]]></system-out>
         <system-err><![CDATA[]]></system-err>
      </testcase>
      <system-out><![CDATA[2019-05-10 18:41:17 - [TEST_SUITE][PASSED] - TestSuite1: Test Cases/APIChainingDemo]]></system-out>
      <system-err><![CDATA[]]></system-err>
   </testsuite>
</testsuites>
