<?xml version="1.0" encoding="UTF-8"?>
<testsuites name="DataDrivenTestSuite" time="5" tests="3" failures="0" errors="0">
   <testsuite name="DataDrivenTestSuite" tests="3" failures="0" errors="0" time="5" timestamp="2019-05-10 19:26:57" hostname="main - DESKTOP-8TRR29R" id="Test Suites/DataDrivenTestSuite">
      <properties>
         <property name="deviceName" value=""/>
         <property name="devicePlatform" value=""/>
         <property name="logFolder" value="C:\\Users\\main\\Katalon Studio\\Sample REST API Testing\\Reports\\DataDrivenTestSuite\\20190510_192655"/>
         <property name="logFiles" value="C:\\Users\\main\\Katalon Studio\\Sample REST API Testing\\Reports\\DataDrivenTestSuite\\20190510_192655\\execution0.log"/>
         <property name="attachments" value=""/>
         <property name="hostName" value="main - DESKTOP-8TRR29R"/>
         <property name="hostAddress" value="192.168.1.47"/>
         <property name="os" value="Windows 10 64bit"/>
         <property name="katalonVersion" value="6.1.2.2"/>
      </properties>
      <testcase name="Test Cases/DataDrivenDemoTest" classname="Test Cases/DataDrivenDemoTest" status="PASSED">
         <system-out><![CDATA[2019-05-10 19:26:58 - [TEST_CASE][PASSED] - Test Cases/DataDrivenDemoTest: Test Cases/DataDrivenDemoTest

2019-05-10 19:26:58 - [TEST_STEP][PASSED] - println("... using username: " + userName): null

2019-05-10 19:26:58 - [TEST_STEP][PASSED] - sendRequest(findTestObject("RESTWebServices/CreateUser", ["userName":userName])): Send request successfully

2019-05-10 19:27:01 - [MESSAGE][INFO] - HAR: C:\Users\main\Katalon Studio\Sample REST API Testing\Reports\DataDrivenTestSuite\20190510_192655\requests\main\null.har

2019-05-10 19:27:01 - [MESSAGE][PASSED] - Send request successfully]]></system-out>
         <system-err><![CDATA[]]></system-err>
      </testcase>
      <testcase name="Test Cases/DataDrivenDemoTest" classname="Test Cases/DataDrivenDemoTest" status="PASSED">
         <system-out><![CDATA[2019-05-10 19:27:01 - [TEST_CASE][PASSED] - Test Cases/DataDrivenDemoTest: Test Cases/DataDrivenDemoTest

2019-05-10 19:27:01 - [TEST_STEP][PASSED] - println("... using username: " + userName): null

2019-05-10 19:27:01 - [TEST_STEP][PASSED] - sendRequest(findTestObject("RESTWebServices/CreateUser", ["userName":userName])): Send request successfully

2019-05-10 19:27:02 - [MESSAGE][INFO] - HAR: C:\Users\main\Katalon Studio\Sample REST API Testing\Reports\DataDrivenTestSuite\20190510_192655\requests\main\null.har

2019-05-10 19:27:02 - [MESSAGE][PASSED] - Send request successfully]]></system-out>
         <system-err><![CDATA[]]></system-err>
      </testcase>
      <testcase name="Test Cases/DataDrivenDemoTest" classname="Test Cases/DataDrivenDemoTest" status="PASSED">
         <system-out><![CDATA[2019-05-10 19:27:02 - [TEST_CASE][PASSED] - Test Cases/DataDrivenDemoTest: Test Cases/DataDrivenDemoTest

2019-05-10 19:27:02 - [TEST_STEP][PASSED] - println("... using username: " + userName): null

2019-05-10 19:27:02 - [TEST_STEP][PASSED] - sendRequest(findTestObject("RESTWebServices/CreateUser", ["userName":userName])): Send request successfully

2019-05-10 19:27:03 - [MESSAGE][INFO] - HAR: C:\Users\main\Katalon Studio\Sample REST API Testing\Reports\DataDrivenTestSuite\20190510_192655\requests\main\null.har

2019-05-10 19:27:03 - [MESSAGE][PASSED] - Send request successfully]]></system-out>
         <system-err><![CDATA[]]></system-err>
      </testcase>
      <system-out><![CDATA[2019-05-10 19:26:57 - [TEST_SUITE][PASSED] - DataDrivenTestSuite: Test Cases/DataDrivenDemoTest]]></system-out>
      <system-err><![CDATA[]]></system-err>
   </testsuite>
</testsuites>
